<?xml version="1.0" encoding="UTF-8"?>
<!-- Generated by org.testng.reporters.JUnitXMLReporter -->
<testsuite ignored="0" hostname="DESKTOP-9Q828V5" failures="0" tests="21" name="Default test" time="60.423" errors="0" timestamp="2024-02-26T19:28:31 EST">
  <testcase classname="tests.LoginTest" name="testLoginWithInvalidCredentials" time="0.51"/>
  <testcase classname="tests.LoginTest" name="testLoginWithInvalidCredentials" time="0.534"/>
  <testcase classname="tests.LoginTest" name="testLoginWithInvalidCredentials" time="0.431"/>
  <testcase classname="tests.LoginTest" name="testLoginWithInvalidCredentials" time="0.435"/>
  <testcase classname="tests.LoginTest" name="testSuccessfulLogin" time="0.494"/>
  <testcase classname="tests.LoginTest" name="testSuccessfulLogin" time="0.435"/>
  <testcase classname="tests.LoginTest" name="testSuccessfulLogin" time="0.469"/>
  <testcase classname="tests.LoginTest" name="testSuccessfulLogin" time="5.501"/>
  <testcase classname="tests.LoginTest" name="testSuccessfulLogin" time="0.349"/>
  <testcase classname="tests.LoginTest" name="testSuccessfulLogin" time="0.376"/>
  <testcase classname="tests.InventoryTest" name="testIfBothItemsAreAddedToCart" time="0.997"/>
  <testcase classname="tests.InventoryTest" name="testIfUserIsRedirectedToInventoryPage" time="0.525"/>
  <testcase classname="tests.InventoryTest" name="testSortByPriceLowToHigh" time="0.764"/>
  <testcase classname="tests.CheckoutStepOneTest" name="checkoutInformationSuccessful" time="1.929"/>
  <testcase classname="tests.CheckoutStepOneTest" name="validateFieldsInCheckoutPageStepOne" time="2.052"/>
  <testcase classname="tests.CheckoutStepOneTest" name="validateFieldsInCheckoutPageStepOne" time="1.907"/>
  <testcase classname="tests.CheckoutStepOneTest" name="validateFieldsInCheckoutPageStepOne" time="1.959"/>
  <testcase classname="tests.CartTest" name="testIfRightProductsAddedToCart" time="1.217"/>
  <testcase classname="tests.CheckoutStepTwoTest" name="checkIfOrderPlaced" time="1.982"/>
  <testcase classname="tests.CheckoutStepTwoTest" name="checkIfPriceAndPaymentMatchesExpectedValueAfterCheckout" time="1.942"/>
  <testcase classname="tests.CheckoutStepTwoTest" name="checkIfUserLogoutAfterPlacingOrder" time="2.19"/>
</testsuite> <!-- Default test -->
