<?xml version="1.0" encoding="UTF-8"?>
<testng-results ignored="0" total="21" passed="21" failed="0" skipped="0">
  <reporter-output>
  </reporter-output>
  <suite started-at="2024-02-26T19:27:31 EST" name="Default suite" finished-at="2024-02-26T19:28:31 EST" duration-ms="60423">
    <groups>
    </groups>
    <test started-at="2024-02-26T19:27:31 EST" name="Default test" finished-at="2024-02-26T19:28:31 EST" duration-ms="60423">
      <class name="tests.LoginTest">
        <test-method is-config="true" signature="setup()[pri:0, instance:tests.LoginTest@6b6776cb]" started-at="2024-02-26T19:27:31 EST" name="setup" finished-at="2024-02-26T19:27:34 EST" duration-ms="3182" status="PASS">
          <reporter-output>
          </reporter-output>
        </test-method> <!-- setup -->
        <test-method signature="testLoginWithInvalidCredentials(java.lang.String,java.lang.String,java.lang.String)[pri:0, instance:tests.LoginTest@6b6776cb]" started-at="2024-02-26T19:27:34 EST" name="testLoginWithInvalidCredentials" data-provider="loginWithInvalidCredentials" finished-at="2024-02-26T19:27:35 EST" duration-ms="510" status="PASS">
          <params>
            <param index="0">
              <value>
                <![CDATA[un-standard_user]]>
              </value>
            </param>
            <param index="1">
              <value>
                <![CDATA[secret_sauce]]>
              </value>
            </param>
            <param index="2">
              <value>
                <![CDATA[Epic sadface: Username and password do not match any user in this service]]>
              </value>
            </param>
          </params>
          <reporter-output>
          </reporter-output>
        </test-method> <!-- testLoginWithInvalidCredentials -->
        <test-method is-config="true" signature="teardown()[pri:0, instance:tests.LoginTest@6b6776cb]" started-at="2024-02-26T19:27:35 EST" name="teardown" finished-at="2024-02-26T19:27:35 EST" duration-ms="235" status="PASS">
          <reporter-output>
          </reporter-output>
        </test-method> <!-- teardown -->
        <test-method is-config="true" signature="setup()[pri:0, instance:tests.LoginTest@6b6776cb]" started-at="2024-02-26T19:27:35 EST" name="setup" finished-at="2024-02-26T19:27:36 EST" duration-ms="1423" status="PASS">
          <reporter-output>
          </reporter-output>
        </test-method> <!-- setup -->
        <test-method signature="testLoginWithInvalidCredentials(java.lang.String,java.lang.String,java.lang.String)[pri:0, instance:tests.LoginTest@6b6776cb]" started-at="2024-02-26T19:27:36 EST" name="testLoginWithInvalidCredentials" data-provider="loginWithInvalidCredentials" finished-at="2024-02-26T19:27:37 EST" duration-ms="534" status="PASS">
          <params>
            <param index="0">
              <value>
                <![CDATA[standard_user]]>
              </value>
            </param>
            <param index="1">
              <value>
                <![CDATA[secret_saucess1]]>
              </value>
            </param>
            <param index="2">
              <value>
                <![CDATA[Epic sadface: Username and password do not match any user in this service]]>
              </value>
            </param>
          </params>
          <reporter-output>
          </reporter-output>
        </test-method> <!-- testLoginWithInvalidCredentials -->
        <test-method is-config="true" signature="teardown()[pri:0, instance:tests.LoginTest@6b6776cb]" started-at="2024-02-26T19:27:37 EST" name="teardown" finished-at="2024-02-26T19:27:37 EST" duration-ms="157" status="PASS">
          <reporter-output>
          </reporter-output>
        </test-method> <!-- teardown -->
        <test-method is-config="true" signature="setup()[pri:0, instance:tests.LoginTest@6b6776cb]" started-at="2024-02-26T19:27:37 EST" name="setup" finished-at="2024-02-26T19:27:38 EST" duration-ms="1304" status="PASS">
          <reporter-output>
          </reporter-output>
        </test-method> <!-- setup -->
        <test-method signature="testLoginWithInvalidCredentials(java.lang.String,java.lang.String,java.lang.String)[pri:0, instance:tests.LoginTest@6b6776cb]" started-at="2024-02-26T19:27:38 EST" name="testLoginWithInvalidCredentials" data-provider="loginWithInvalidCredentials" finished-at="2024-02-26T19:27:39 EST" duration-ms="431" status="PASS">
          <params>
            <param index="0">
              <value>
                <![CDATA[]]>
              </value>
            </param>
            <param index="1">
              <value>
                <![CDATA[secret_sauce]]>
              </value>
            </param>
            <param index="2">
              <value>
                <![CDATA[Epic sadface: Username is required]]>
              </value>
            </param>
          </params>
          <reporter-output>
          </reporter-output>
        </test-method> <!-- testLoginWithInvalidCredentials -->
        <test-method is-config="true" signature="teardown()[pri:0, instance:tests.LoginTest@6b6776cb]" started-at="2024-02-26T19:27:39 EST" name="teardown" finished-at="2024-02-26T19:27:39 EST" duration-ms="155" status="PASS">
          <reporter-output>
          </reporter-output>
        </test-method> <!-- teardown -->
        <test-method is-config="true" signature="setup()[pri:0, instance:tests.LoginTest@6b6776cb]" started-at="2024-02-26T19:27:39 EST" name="setup" finished-at="2024-02-26T19:27:40 EST" duration-ms="1268" status="PASS">
          <reporter-output>
          </reporter-output>
        </test-method> <!-- setup -->
        <test-method signature="testLoginWithInvalidCredentials(java.lang.String,java.lang.String,java.lang.String)[pri:0, instance:tests.LoginTest@6b6776cb]" started-at="2024-02-26T19:27:40 EST" name="testLoginWithInvalidCredentials" data-provider="loginWithInvalidCredentials" finished-at="2024-02-26T19:27:41 EST" duration-ms="435" status="PASS">
          <params>
            <param index="0">
              <value>
                <![CDATA[standard_user]]>
              </value>
            </param>
            <param index="1">
              <value>
                <![CDATA[]]>
              </value>
            </param>
            <param index="2">
              <value>
                <![CDATA[Epic sadface: Password is required]]>
              </value>
            </param>
          </params>
          <reporter-output>
          </reporter-output>
        </test-method> <!-- testLoginWithInvalidCredentials -->
        <test-method is-config="true" signature="teardown()[pri:0, instance:tests.LoginTest@6b6776cb]" started-at="2024-02-26T19:27:41 EST" name="teardown" finished-at="2024-02-26T19:27:41 EST" duration-ms="197" status="PASS">
          <reporter-output>
          </reporter-output>
        </test-method> <!-- teardown -->
        <test-method is-config="true" signature="setup()[pri:0, instance:tests.LoginTest@6b6776cb]" started-at="2024-02-26T19:27:41 EST" name="setup" finished-at="2024-02-26T19:27:42 EST" duration-ms="1314" status="PASS">
          <reporter-output>
          </reporter-output>
        </test-method> <!-- setup -->
        <test-method signature="testSuccessfulLogin(java.lang.String,java.lang.String)[pri:0, instance:tests.LoginTest@6b6776cb]" started-at="2024-02-26T19:27:42 EST" name="testSuccessfulLogin" data-provider="successfulLogin" finished-at="2024-02-26T19:27:43 EST" duration-ms="494" status="PASS">
          <params>
            <param index="0">
              <value>
                <![CDATA[standard_user]]>
              </value>
            </param>
            <param index="1">
              <value>
                <![CDATA[secret_sauce]]>
              </value>
            </param>
          </params>
          <reporter-output>
          </reporter-output>
        </test-method> <!-- testSuccessfulLogin -->
        <test-method is-config="true" signature="teardown()[pri:0, instance:tests.LoginTest@6b6776cb]" started-at="2024-02-26T19:27:43 EST" name="teardown" finished-at="2024-02-26T19:27:43 EST" duration-ms="183" status="PASS">
          <reporter-output>
          </reporter-output>
        </test-method> <!-- teardown -->
        <test-method is-config="true" signature="setup()[pri:0, instance:tests.LoginTest@6b6776cb]" started-at="2024-02-26T19:27:43 EST" name="setup" finished-at="2024-02-26T19:27:44 EST" duration-ms="1300" status="PASS">
          <reporter-output>
          </reporter-output>
        </test-method> <!-- setup -->
        <test-method signature="testSuccessfulLogin(java.lang.String,java.lang.String)[pri:0, instance:tests.LoginTest@6b6776cb]" started-at="2024-02-26T19:27:44 EST" name="testSuccessfulLogin" data-provider="successfulLogin" finished-at="2024-02-26T19:27:45 EST" duration-ms="435" status="PASS">
          <params>
            <param index="0">
              <value>
                <![CDATA[locked_out_user]]>
              </value>
            </param>
            <param index="1">
              <value>
                <![CDATA[secret_sauce]]>
              </value>
            </param>
          </params>
          <reporter-output>
          </reporter-output>
        </test-method> <!-- testSuccessfulLogin -->
        <test-method is-config="true" signature="teardown()[pri:0, instance:tests.LoginTest@6b6776cb]" started-at="2024-02-26T19:27:45 EST" name="teardown" finished-at="2024-02-26T19:27:45 EST" duration-ms="168" status="PASS">
          <reporter-output>
          </reporter-output>
        </test-method> <!-- teardown -->
        <test-method is-config="true" signature="setup()[pri:0, instance:tests.LoginTest@6b6776cb]" started-at="2024-02-26T19:27:45 EST" name="setup" finished-at="2024-02-26T19:27:46 EST" duration-ms="1259" status="PASS">
          <reporter-output>
          </reporter-output>
        </test-method> <!-- setup -->
        <test-method signature="testSuccessfulLogin(java.lang.String,java.lang.String)[pri:0, instance:tests.LoginTest@6b6776cb]" started-at="2024-02-26T19:27:46 EST" name="testSuccessfulLogin" data-provider="successfulLogin" finished-at="2024-02-26T19:27:46 EST" duration-ms="469" status="PASS">
          <params>
            <param index="0">
              <value>
                <![CDATA[problem_user]]>
              </value>
            </param>
            <param index="1">
              <value>
                <![CDATA[secret_sauce]]>
              </value>
            </param>
          </params>
          <reporter-output>
          </reporter-output>
        </test-method> <!-- testSuccessfulLogin -->
        <test-method is-config="true" signature="teardown()[pri:0, instance:tests.LoginTest@6b6776cb]" started-at="2024-02-26T19:27:46 EST" name="teardown" finished-at="2024-02-26T19:27:47 EST" duration-ms="165" status="PASS">
          <reporter-output>
          </reporter-output>
        </test-method> <!-- teardown -->
        <test-method is-config="true" signature="setup()[pri:0, instance:tests.LoginTest@6b6776cb]" started-at="2024-02-26T19:27:47 EST" name="setup" finished-at="2024-02-26T19:27:48 EST" duration-ms="1459" status="PASS">
          <reporter-output>
          </reporter-output>
        </test-method> <!-- setup -->
        <test-method signature="testSuccessfulLogin(java.lang.String,java.lang.String)[pri:0, instance:tests.LoginTest@6b6776cb]" started-at="2024-02-26T19:27:48 EST" name="testSuccessfulLogin" data-provider="successfulLogin" finished-at="2024-02-26T19:27:54 EST" duration-ms="5501" status="PASS">
          <params>
            <param index="0">
              <value>
                <![CDATA[performance_glitch_user]]>
              </value>
            </param>
            <param index="1">
              <value>
                <![CDATA[secret_sauce]]>
              </value>
            </param>
          </params>
          <reporter-output>
          </reporter-output>
        </test-method> <!-- testSuccessfulLogin -->
        <test-method is-config="true" signature="teardown()[pri:0, instance:tests.LoginTest@6b6776cb]" started-at="2024-02-26T19:27:54 EST" name="teardown" finished-at="2024-02-26T19:27:54 EST" duration-ms="177" status="PASS">
          <reporter-output>
          </reporter-output>
        </test-method> <!-- teardown -->
        <test-method is-config="true" signature="setup()[pri:0, instance:tests.LoginTest@6b6776cb]" started-at="2024-02-26T19:27:54 EST" name="setup" finished-at="2024-02-26T19:27:55 EST" duration-ms="1210" status="PASS">
          <reporter-output>
          </reporter-output>
        </test-method> <!-- setup -->
        <test-method signature="testSuccessfulLogin(java.lang.String,java.lang.String)[pri:0, instance:tests.LoginTest@6b6776cb]" started-at="2024-02-26T19:27:55 EST" name="testSuccessfulLogin" data-provider="successfulLogin" finished-at="2024-02-26T19:27:55 EST" duration-ms="349" status="PASS">
          <params>
            <param index="0">
              <value>
                <![CDATA[error_user]]>
              </value>
            </param>
            <param index="1">
              <value>
                <![CDATA[secret_sauce]]>
              </value>
            </param>
          </params>
          <reporter-output>
          </reporter-output>
        </test-method> <!-- testSuccessfulLogin -->
        <test-method is-config="true" signature="teardown()[pri:0, instance:tests.LoginTest@6b6776cb]" started-at="2024-02-26T19:27:55 EST" name="teardown" finished-at="2024-02-26T19:27:55 EST" duration-ms="119" status="PASS">
          <reporter-output>
          </reporter-output>
        </test-method> <!-- teardown -->
        <test-method is-config="true" signature="setup()[pri:0, instance:tests.LoginTest@6b6776cb]" started-at="2024-02-26T19:27:55 EST" name="setup" finished-at="2024-02-26T19:27:57 EST" duration-ms="1291" status="PASS">
          <reporter-output>
          </reporter-output>
        </test-method> <!-- setup -->
        <test-method signature="testSuccessfulLogin(java.lang.String,java.lang.String)[pri:0, instance:tests.LoginTest@6b6776cb]" started-at="2024-02-26T19:27:57 EST" name="testSuccessfulLogin" data-provider="successfulLogin" finished-at="2024-02-26T19:27:57 EST" duration-ms="376" status="PASS">
          <params>
            <param index="0">
              <value>
                <![CDATA[visual_user]]>
              </value>
            </param>
            <param index="1">
              <value>
                <![CDATA[secret_sauce]]>
              </value>
            </param>
          </params>
          <reporter-output>
          </reporter-output>
        </test-method> <!-- testSuccessfulLogin -->
        <test-method is-config="true" signature="teardown()[pri:0, instance:tests.LoginTest@6b6776cb]" started-at="2024-02-26T19:27:57 EST" name="teardown" finished-at="2024-02-26T19:27:57 EST" duration-ms="139" status="PASS">
          <reporter-output>
          </reporter-output>
        </test-method> <!-- teardown -->
      </class> <!-- tests.LoginTest -->
      <class name="tests.InventoryTest">
        <test-method is-config="true" signature="setup()[pri:0, instance:tests.InventoryTest@61eaec38]" started-at="2024-02-26T19:27:57 EST" name="setup" finished-at="2024-02-26T19:27:59 EST" duration-ms="1252" status="PASS">
          <reporter-output>
          </reporter-output>
        </test-method> <!-- setup -->
        <test-method signature="testIfBothItemsAreAddedToCart(java.lang.String,java.lang.String)[pri:0, instance:tests.InventoryTest@61eaec38]" started-at="2024-02-26T19:27:59 EST" name="testIfBothItemsAreAddedToCart" data-provider="successfulLogin" finished-at="2024-02-26T19:28:00 EST" duration-ms="997" status="PASS">
          <params>
            <param index="0">
              <value>
                <![CDATA[standard_user]]>
              </value>
            </param>
            <param index="1">
              <value>
                <![CDATA[secret_sauce]]>
              </value>
            </param>
          </params>
          <reporter-output>
          </reporter-output>
        </test-method> <!-- testIfBothItemsAreAddedToCart -->
        <test-method is-config="true" signature="teardown()[pri:0, instance:tests.InventoryTest@61eaec38]" started-at="2024-02-26T19:28:00 EST" name="teardown" finished-at="2024-02-26T19:28:00 EST" duration-ms="220" status="PASS">
          <reporter-output>
          </reporter-output>
        </test-method> <!-- teardown -->
        <test-method is-config="true" signature="setup()[pri:0, instance:tests.InventoryTest@61eaec38]" started-at="2024-02-26T19:28:00 EST" name="setup" finished-at="2024-02-26T19:28:01 EST" duration-ms="1271" status="PASS">
          <reporter-output>
          </reporter-output>
        </test-method> <!-- setup -->
        <test-method signature="testIfUserIsRedirectedToInventoryPage(java.lang.String,java.lang.String)[pri:0, instance:tests.InventoryTest@61eaec38]" started-at="2024-02-26T19:28:01 EST" name="testIfUserIsRedirectedToInventoryPage" data-provider="successfulLogin" finished-at="2024-02-26T19:28:02 EST" duration-ms="525" status="PASS">
          <params>
            <param index="0">
              <value>
                <![CDATA[standard_user]]>
              </value>
            </param>
            <param index="1">
              <value>
                <![CDATA[secret_sauce]]>
              </value>
            </param>
          </params>
          <reporter-output>
          </reporter-output>
        </test-method> <!-- testIfUserIsRedirectedToInventoryPage -->
        <test-method is-config="true" signature="teardown()[pri:0, instance:tests.InventoryTest@61eaec38]" started-at="2024-02-26T19:28:02 EST" name="teardown" finished-at="2024-02-26T19:28:02 EST" duration-ms="176" status="PASS">
          <reporter-output>
          </reporter-output>
        </test-method> <!-- teardown -->
        <test-method is-config="true" signature="setup()[pri:0, instance:tests.InventoryTest@61eaec38]" started-at="2024-02-26T19:28:02 EST" name="setup" finished-at="2024-02-26T19:28:03 EST" duration-ms="1273" status="PASS">
          <reporter-output>
          </reporter-output>
        </test-method> <!-- setup -->
        <test-method signature="testSortByPriceLowToHigh(java.lang.String,java.lang.String)[pri:0, instance:tests.InventoryTest@61eaec38]" started-at="2024-02-26T19:28:03 EST" name="testSortByPriceLowToHigh" data-provider="successfulLogin" finished-at="2024-02-26T19:28:04 EST" duration-ms="764" status="PASS">
          <params>
            <param index="0">
              <value>
                <![CDATA[standard_user]]>
              </value>
            </param>
            <param index="1">
              <value>
                <![CDATA[secret_sauce]]>
              </value>
            </param>
          </params>
          <reporter-output>
          </reporter-output>
        </test-method> <!-- testSortByPriceLowToHigh -->
        <test-method is-config="true" signature="teardown()[pri:0, instance:tests.InventoryTest@61eaec38]" started-at="2024-02-26T19:28:04 EST" name="teardown" finished-at="2024-02-26T19:28:04 EST" duration-ms="157" status="PASS">
          <reporter-output>
          </reporter-output>
        </test-method> <!-- teardown -->
      </class> <!-- tests.InventoryTest -->
      <class name="tests.CheckoutStepOneTest">
        <test-method is-config="true" signature="setup()[pri:0, instance:tests.CheckoutStepOneTest@125290e5]" started-at="2024-02-26T19:28:04 EST" name="setup" finished-at="2024-02-26T19:28:05 EST" duration-ms="1333" status="PASS">
          <reporter-output>
          </reporter-output>
        </test-method> <!-- setup -->
        <test-method signature="checkoutInformationSuccessful(java.lang.String,java.lang.String,java.lang.String,java.lang.String,java.lang.String)[pri:0, instance:tests.CheckoutStepOneTest@125290e5]" started-at="2024-02-26T19:28:05 EST" name="checkoutInformationSuccessful" data-provider="successfulInformation" finished-at="2024-02-26T19:28:07 EST" duration-ms="1929" status="PASS">
          <params>
            <param index="0">
              <value>
                <![CDATA[standard_user]]>
              </value>
            </param>
            <param index="1">
              <value>
                <![CDATA[secret_sauce]]>
              </value>
            </param>
            <param index="2">
              <value>
                <![CDATA[testfirstname]]>
              </value>
            </param>
            <param index="3">
              <value>
                <![CDATA[testlastname]]>
              </value>
            </param>
            <param index="4">
              <value>
                <![CDATA[M1L3K1]]>
              </value>
            </param>
          </params>
          <reporter-output>
          </reporter-output>
        </test-method> <!-- checkoutInformationSuccessful -->
        <test-method is-config="true" signature="teardown()[pri:0, instance:tests.CheckoutStepOneTest@125290e5]" started-at="2024-02-26T19:28:07 EST" name="teardown" finished-at="2024-02-26T19:28:07 EST" duration-ms="169" status="PASS">
          <reporter-output>
          </reporter-output>
        </test-method> <!-- teardown -->
        <test-method is-config="true" signature="setup()[pri:0, instance:tests.CheckoutStepOneTest@125290e5]" started-at="2024-02-26T19:28:07 EST" name="setup" finished-at="2024-02-26T19:28:09 EST" duration-ms="1277" status="PASS">
          <reporter-output>
          </reporter-output>
        </test-method> <!-- setup -->
        <test-method signature="validateFieldsInCheckoutPageStepOne(java.lang.String,java.lang.String,java.lang.String,java.lang.String,java.lang.String,java.lang.String)[pri:0, instance:tests.CheckoutStepOneTest@125290e5]" started-at="2024-02-26T19:28:09 EST" name="validateFieldsInCheckoutPageStepOne" data-provider="details" finished-at="2024-02-26T19:28:11 EST" duration-ms="2052" status="PASS">
          <params>
            <param index="0">
              <value>
                <![CDATA[standard_user]]>
              </value>
            </param>
            <param index="1">
              <value>
                <![CDATA[secret_sauce]]>
              </value>
            </param>
            <param index="2">
              <value>
                <![CDATA[]]>
              </value>
            </param>
            <param index="3">
              <value>
                <![CDATA[testlastname]]>
              </value>
            </param>
            <param index="4">
              <value>
                <![CDATA[M1L3K1]]>
              </value>
            </param>
            <param index="5">
              <value>
                <![CDATA[Error: First Name is required]]>
              </value>
            </param>
          </params>
          <reporter-output>
          </reporter-output>
        </test-method> <!-- validateFieldsInCheckoutPageStepOne -->
        <test-method is-config="true" signature="teardown()[pri:0, instance:tests.CheckoutStepOneTest@125290e5]" started-at="2024-02-26T19:28:11 EST" name="teardown" finished-at="2024-02-26T19:28:11 EST" duration-ms="181" status="PASS">
          <reporter-output>
          </reporter-output>
        </test-method> <!-- teardown -->
        <test-method is-config="true" signature="setup()[pri:0, instance:tests.CheckoutStepOneTest@125290e5]" started-at="2024-02-26T19:28:11 EST" name="setup" finished-at="2024-02-26T19:28:12 EST" duration-ms="1340" status="PASS">
          <reporter-output>
          </reporter-output>
        </test-method> <!-- setup -->
        <test-method signature="validateFieldsInCheckoutPageStepOne(java.lang.String,java.lang.String,java.lang.String,java.lang.String,java.lang.String,java.lang.String)[pri:0, instance:tests.CheckoutStepOneTest@125290e5]" started-at="2024-02-26T19:28:12 EST" name="validateFieldsInCheckoutPageStepOne" data-provider="details" finished-at="2024-02-26T19:28:14 EST" duration-ms="1907" status="PASS">
          <params>
            <param index="0">
              <value>
                <![CDATA[standard_user]]>
              </value>
            </param>
            <param index="1">
              <value>
                <![CDATA[secret_sauce]]>
              </value>
            </param>
            <param index="2">
              <value>
                <![CDATA[testfirstname]]>
              </value>
            </param>
            <param index="3">
              <value>
                <![CDATA[]]>
              </value>
            </param>
            <param index="4">
              <value>
                <![CDATA[M1L3K1]]>
              </value>
            </param>
            <param index="5">
              <value>
                <![CDATA[Error: Last Name is required]]>
              </value>
            </param>
          </params>
          <reporter-output>
          </reporter-output>
        </test-method> <!-- validateFieldsInCheckoutPageStepOne -->
        <test-method is-config="true" signature="teardown()[pri:0, instance:tests.CheckoutStepOneTest@125290e5]" started-at="2024-02-26T19:28:14 EST" name="teardown" finished-at="2024-02-26T19:28:14 EST" duration-ms="183" status="PASS">
          <reporter-output>
          </reporter-output>
        </test-method> <!-- teardown -->
        <test-method is-config="true" signature="setup()[pri:0, instance:tests.CheckoutStepOneTest@125290e5]" started-at="2024-02-26T19:28:14 EST" name="setup" finished-at="2024-02-26T19:28:16 EST" duration-ms="1465" status="PASS">
          <reporter-output>
          </reporter-output>
        </test-method> <!-- setup -->
        <test-method signature="validateFieldsInCheckoutPageStepOne(java.lang.String,java.lang.String,java.lang.String,java.lang.String,java.lang.String,java.lang.String)[pri:0, instance:tests.CheckoutStepOneTest@125290e5]" started-at="2024-02-26T19:28:16 EST" name="validateFieldsInCheckoutPageStepOne" data-provider="details" finished-at="2024-02-26T19:28:18 EST" duration-ms="1959" status="PASS">
          <params>
            <param index="0">
              <value>
                <![CDATA[standard_user]]>
              </value>
            </param>
            <param index="1">
              <value>
                <![CDATA[secret_sauce]]>
              </value>
            </param>
            <param index="2">
              <value>
                <![CDATA[testfirstname]]>
              </value>
            </param>
            <param index="3">
              <value>
                <![CDATA[testlastname]]>
              </value>
            </param>
            <param index="4">
              <value>
                <![CDATA[]]>
              </value>
            </param>
            <param index="5">
              <value>
                <![CDATA[Error: Postal Code is required]]>
              </value>
            </param>
          </params>
          <reporter-output>
          </reporter-output>
        </test-method> <!-- validateFieldsInCheckoutPageStepOne -->
        <test-method is-config="true" signature="teardown()[pri:0, instance:tests.CheckoutStepOneTest@125290e5]" started-at="2024-02-26T19:28:18 EST" name="teardown" finished-at="2024-02-26T19:28:18 EST" duration-ms="172" status="PASS">
          <reporter-output>
          </reporter-output>
        </test-method> <!-- teardown -->
      </class> <!-- tests.CheckoutStepOneTest -->
      <class name="tests.CartTest">
        <test-method is-config="true" signature="setup()[pri:0, instance:tests.CartTest@7ef27d7f]" started-at="2024-02-26T19:28:18 EST" name="setup" finished-at="2024-02-26T19:28:19 EST" duration-ms="1391" status="PASS">
          <reporter-output>
          </reporter-output>
        </test-method> <!-- setup -->
        <test-method signature="testIfRightProductsAddedToCart(java.lang.String,java.lang.String)[pri:0, instance:tests.CartTest@7ef27d7f]" started-at="2024-02-26T19:28:19 EST" name="testIfRightProductsAddedToCart" data-provider="successfulLogin" finished-at="2024-02-26T19:28:20 EST" duration-ms="1217" status="PASS">
          <params>
            <param index="0">
              <value>
                <![CDATA[standard_user]]>
              </value>
            </param>
            <param index="1">
              <value>
                <![CDATA[secret_sauce]]>
              </value>
            </param>
          </params>
          <reporter-output>
          </reporter-output>
        </test-method> <!-- testIfRightProductsAddedToCart -->
        <test-method is-config="true" signature="teardown()[pri:0, instance:tests.CartTest@7ef27d7f]" started-at="2024-02-26T19:28:20 EST" name="teardown" finished-at="2024-02-26T19:28:21 EST" duration-ms="221" status="PASS">
          <reporter-output>
          </reporter-output>
        </test-method> <!-- teardown -->
      </class> <!-- tests.CartTest -->
      <class name="tests.CheckoutStepTwoTest">
        <test-method is-config="true" signature="setup()[pri:0, instance:tests.CheckoutStepTwoTest@490caf5f]" started-at="2024-02-26T19:28:21 EST" name="setup" finished-at="2024-02-26T19:28:22 EST" duration-ms="1308" status="PASS">
          <reporter-output>
          </reporter-output>
        </test-method> <!-- setup -->
        <test-method signature="checkIfOrderPlaced(java.lang.String,java.lang.String,java.lang.String,java.lang.String,java.lang.String)[pri:0, instance:tests.CheckoutStepTwoTest@490caf5f]" started-at="2024-02-26T19:28:22 EST" name="checkIfOrderPlaced" data-provider="successfulInformation" finished-at="2024-02-26T19:28:24 EST" duration-ms="1982" status="PASS">
          <params>
            <param index="0">
              <value>
                <![CDATA[standard_user]]>
              </value>
            </param>
            <param index="1">
              <value>
                <![CDATA[secret_sauce]]>
              </value>
            </param>
            <param index="2">
              <value>
                <![CDATA[testfirstname]]>
              </value>
            </param>
            <param index="3">
              <value>
                <![CDATA[testlastname]]>
              </value>
            </param>
            <param index="4">
              <value>
                <![CDATA[M1L3K1]]>
              </value>
            </param>
          </params>
          <reporter-output>
          </reporter-output>
        </test-method> <!-- checkIfOrderPlaced -->
        <test-method is-config="true" signature="teardown()[pri:0, instance:tests.CheckoutStepTwoTest@490caf5f]" started-at="2024-02-26T19:28:24 EST" name="teardown" finished-at="2024-02-26T19:28:24 EST" duration-ms="222" status="PASS">
          <reporter-output>
          </reporter-output>
        </test-method> <!-- teardown -->
        <test-method is-config="true" signature="setup()[pri:0, instance:tests.CheckoutStepTwoTest@490caf5f]" started-at="2024-02-26T19:28:24 EST" name="setup" finished-at="2024-02-26T19:28:26 EST" duration-ms="1308" status="PASS">
          <reporter-output>
          </reporter-output>
        </test-method> <!-- setup -->
        <test-method signature="checkIfPriceAndPaymentMatchesExpectedValueAfterCheckout(java.lang.String,java.lang.String,java.lang.String,java.lang.String,java.lang.String)[pri:0, instance:tests.CheckoutStepTwoTest@490caf5f]" started-at="2024-02-26T19:28:26 EST" name="checkIfPriceAndPaymentMatchesExpectedValueAfterCheckout" data-provider="successfulInformation" finished-at="2024-02-26T19:28:27 EST" duration-ms="1942" status="PASS">
          <params>
            <param index="0">
              <value>
                <![CDATA[standard_user]]>
              </value>
            </param>
            <param index="1">
              <value>
                <![CDATA[secret_sauce]]>
              </value>
            </param>
            <param index="2">
              <value>
                <![CDATA[testfirstname]]>
              </value>
            </param>
            <param index="3">
              <value>
                <![CDATA[testlastname]]>
              </value>
            </param>
            <param index="4">
              <value>
                <![CDATA[M1L3K1]]>
              </value>
            </param>
          </params>
          <reporter-output>
          </reporter-output>
        </test-method> <!-- checkIfPriceAndPaymentMatchesExpectedValueAfterCheckout -->
        <test-method is-config="true" signature="teardown()[pri:0, instance:tests.CheckoutStepTwoTest@490caf5f]" started-at="2024-02-26T19:28:27 EST" name="teardown" finished-at="2024-02-26T19:28:28 EST" duration-ms="178" status="PASS">
          <reporter-output>
          </reporter-output>
        </test-method> <!-- teardown -->
        <test-method is-config="true" signature="setup()[pri:0, instance:tests.CheckoutStepTwoTest@490caf5f]" started-at="2024-02-26T19:28:28 EST" name="setup" finished-at="2024-02-26T19:28:29 EST" duration-ms="1310" status="PASS">
          <reporter-output>
          </reporter-output>
        </test-method> <!-- setup -->
        <test-method signature="checkIfUserLogoutAfterPlacingOrder(java.lang.String,java.lang.String,java.lang.String,java.lang.String,java.lang.String)[pri:0, instance:tests.CheckoutStepTwoTest@490caf5f]" started-at="2024-02-26T19:28:29 EST" name="checkIfUserLogoutAfterPlacingOrder" data-provider="successfulInformation" finished-at="2024-02-26T19:28:31 EST" duration-ms="2190" status="PASS">
          <params>
            <param index="0">
              <value>
                <![CDATA[standard_user]]>
              </value>
            </param>
            <param index="1">
              <value>
                <![CDATA[secret_sauce]]>
              </value>
            </param>
            <param index="2">
              <value>
                <![CDATA[testfirstname]]>
              </value>
            </param>
            <param index="3">
              <value>
                <![CDATA[testlastname]]>
              </value>
            </param>
            <param index="4">
              <value>
                <![CDATA[M1L3K1]]>
              </value>
            </param>
          </params>
          <reporter-output>
          </reporter-output>
        </test-method> <!-- checkIfUserLogoutAfterPlacingOrder -->
        <test-method is-config="true" signature="teardown()[pri:0, instance:tests.CheckoutStepTwoTest@490caf5f]" started-at="2024-02-26T19:28:31 EST" name="teardown" finished-at="2024-02-26T19:28:31 EST" duration-ms="180" status="PASS">
          <reporter-output>
          </reporter-output>
        </test-method> <!-- teardown -->
      </class> <!-- tests.CheckoutStepTwoTest -->
    </test> <!-- Default test -->
  </suite> <!-- Default suite -->
</testng-results>
